<?xml version="1.0" encoding="UTF-8"?>
<testsuite xmlns:xsi="http://www.w3.org/2001/XMLSchema-instance" xsi:noNamespaceSchemaLocation="https://maven.apache.org/surefire/maven-surefire-plugin/xsd/surefire-test-report.xsd" name="com.ijkalra.stackmachine.service.StackMachineServiceTest" time="0.192" tests="20" errors="0" skipped="0" failures="0">
  <properties>
    <property name="gopherProxySet" value="false"/>
    <property name="awt.toolkit" value="sun.lwawt.macosx.LWCToolkit"/>
    <property name="file.encoding.pkg" value="sun.io"/>
    <property name="java.specification.version" value="1.8"/>
    <property name="sun.cpu.isalist" value=""/>
    <property name="sun.jnu.encoding" value="UTF-8"/>
    <property name="java.class.path" value="/Users/Inder/Coding/github/stack-machine/target/test-classes:/Users/Inder/Coding/github/stack-machine/target/classes:/Users/Inder/.m2/repository/org/junit/jupiter/junit-jupiter-engine/5.7.0/junit-jupiter-engine-5.7.0.jar:/Users/Inder/.m2/repository/org/apiguardian/apiguardian-api/1.1.0/apiguardian-api-1.1.0.jar:/Users/Inder/.m2/repository/org/junit/platform/junit-platform-engine/1.7.0/junit-platform-engine-1.7.0.jar:/Users/Inder/.m2/repository/org/junit/jupiter/junit-jupiter-api/5.7.0/junit-jupiter-api-5.7.0.jar:/Users/Inder/.m2/repository/org/opentest4j/opentest4j/1.2.0/opentest4j-1.2.0.jar:/Users/Inder/.m2/repository/org/junit/platform/junit-platform-commons/1.7.0/junit-platform-commons-1.7.0.jar:"/>
    <property name="java.vm.vendor" value="Oracle Corporation"/>
    <property name="sun.arch.data.model" value="64"/>
    <property name="java.vendor.url" value="http://java.oracle.com/"/>
    <property name="user.timezone" value=""/>
    <property name="java.vm.specification.version" value="1.8"/>
    <property name="os.name" value="Mac OS X"/>
    <property name="user.country" value="IN"/>
    <property name="sun.java.launcher" value="SUN_STANDARD"/>
    <property name="sun.boot.library.path" value="/Library/Java/JavaVirtualMachines/jdk1.8.0_171.jdk/Contents/Home/jre/lib"/>
    <property name="sun.java.command" value="/Users/Inder/Coding/github/stack-machine/target/surefire/surefirebooter1940085880532708637.jar /Users/Inder/Coding/github/stack-machine/target/surefire 2020-09-24T11-57-07_614-jvmRun1 surefire6447745856556057153tmp surefire_06694037482284138587tmp"/>
    <property name="http.nonProxyHosts" value="local|*.local|169.254/16|*.169.254/16"/>
    <property name="surefire.test.class.path" value="/Users/Inder/Coding/github/stack-machine/target/test-classes:/Users/Inder/Coding/github/stack-machine/target/classes:/Users/Inder/.m2/repository/org/junit/jupiter/junit-jupiter-engine/5.7.0/junit-jupiter-engine-5.7.0.jar:/Users/Inder/.m2/repository/org/apiguardian/apiguardian-api/1.1.0/apiguardian-api-1.1.0.jar:/Users/Inder/.m2/repository/org/junit/platform/junit-platform-engine/1.7.0/junit-platform-engine-1.7.0.jar:/Users/Inder/.m2/repository/org/junit/jupiter/junit-jupiter-api/5.7.0/junit-jupiter-api-5.7.0.jar:/Users/Inder/.m2/repository/org/opentest4j/opentest4j/1.2.0/opentest4j-1.2.0.jar:/Users/Inder/.m2/repository/org/junit/platform/junit-platform-commons/1.7.0/junit-platform-commons-1.7.0.jar:"/>
    <property name="sun.cpu.endian" value="little"/>
    <property name="user.home" value="/Users/Inder"/>
    <property name="user.language" value="en"/>
    <property name="java.specification.vendor" value="Oracle Corporation"/>
    <property name="java.home" value="/Library/Java/JavaVirtualMachines/jdk1.8.0_171.jdk/Contents/Home/jre"/>
    <property name="basedir" value="/Users/Inder/Coding/github/stack-machine"/>
    <property name="file.separator" value="/"/>
    <property name="line.separator" value="&#10;"/>
    <property name="java.vm.specification.vendor" value="Oracle Corporation"/>
    <property name="java.specification.name" value="Java Platform API Specification"/>
    <property name="java.awt.graphicsenv" value="sun.awt.CGraphicsEnvironment"/>
    <property name="surefire.real.class.path" value="/Users/Inder/Coding/github/stack-machine/target/surefire/surefirebooter1940085880532708637.jar"/>
    <property name="sun.boot.class.path" value="/Library/Java/JavaVirtualMachines/jdk1.8.0_171.jdk/Contents/Home/jre/lib/resources.jar:/Library/Java/JavaVirtualMachines/jdk1.8.0_171.jdk/Contents/Home/jre/lib/rt.jar:/Library/Java/JavaVirtualMachines/jdk1.8.0_171.jdk/Contents/Home/jre/lib/sunrsasign.jar:/Library/Java/JavaVirtualMachines/jdk1.8.0_171.jdk/Contents/Home/jre/lib/jsse.jar:/Library/Java/JavaVirtualMachines/jdk1.8.0_171.jdk/Contents/Home/jre/lib/jce.jar:/Library/Java/JavaVirtualMachines/jdk1.8.0_171.jdk/Contents/Home/jre/lib/charsets.jar:/Library/Java/JavaVirtualMachines/jdk1.8.0_171.jdk/Contents/Home/jre/lib/jfr.jar:/Library/Java/JavaVirtualMachines/jdk1.8.0_171.jdk/Contents/Home/jre/classes"/>
    <property name="sun.management.compiler" value="HotSpot 64-Bit Tiered Compilers"/>
    <property name="ftp.nonProxyHosts" value="local|*.local|169.254/16|*.169.254/16"/>
    <property name="java.runtime.version" value="1.8.0_171-b11"/>
    <property name="user.name" value="Inder"/>
    <property name="path.separator" value=":"/>
    <property name="os.version" value="10.15.4"/>
    <property name="java.endorsed.dirs" value="/Library/Java/JavaVirtualMachines/jdk1.8.0_171.jdk/Contents/Home/jre/lib/endorsed"/>
    <property name="java.runtime.name" value="Java(TM) SE Runtime Environment"/>
    <property name="file.encoding" value="US-ASCII"/>
    <property name="java.vm.name" value="Java HotSpot(TM) 64-Bit Server VM"/>
    <property name="localRepository" value="/Users/Inder/.m2/repository"/>
    <property name="java.vendor.url.bug" value="http://bugreport.sun.com/bugreport/"/>
    <property name="java.io.tmpdir" value="/var/folders/ww/t7jnqcqj6z112plx6lcjxsqm0000gn/T/"/>
    <property name="java.version" value="1.8.0_171"/>
    <property name="user.dir" value="/Users/Inder/Coding/github/stack-machine"/>
    <property name="os.arch" value="x86_64"/>
    <property name="java.vm.specification.name" value="Java Virtual Machine Specification"/>
    <property name="java.awt.printerjob" value="sun.lwawt.macosx.CPrinterJob"/>
    <property name="sun.os.patch.level" value="unknown"/>
    <property name="java.library.path" value="/Users/Inder/Library/Java/Extensions:/Library/Java/Extensions:/Network/Library/Java/Extensions:/System/Library/Java/Extensions:/usr/lib/java:."/>
    <property name="java.vm.info" value="mixed mode"/>
    <property name="java.vendor" value="Oracle Corporation"/>
    <property name="java.vm.version" value="25.171-b11"/>
    <property name="java.ext.dirs" value="/Users/Inder/Library/Java/Extensions:/Library/Java/JavaVirtualMachines/jdk1.8.0_171.jdk/Contents/Home/jre/lib/ext:/Library/Java/Extensions:/Network/Library/Java/Extensions:/System/Library/Java/Extensions:/usr/lib/java"/>
    <property name="sun.io.unicode.encoding" value="UnicodeBig"/>
    <property name="java.class.version" value="52.0"/>
    <property name="socksNonProxyHosts" value="local|*.local|169.254/16|*.169.254/16"/>
  </properties>
  <testcase name="testUndoAfterStackClear" classname="com.ijkalra.stackmachine.service.StackMachineServiceTest" time="0.055"/>
  <testcase name="testUndoOperationAfterPush" classname="com.ijkalra.stackmachine.service.StackMachineServiceTest" time="0.011"/>
  <testcase name="testUndoAfterInversion" classname="com.ijkalra.stackmachine.service.StackMachineServiceTest" time="0.005"/>
  <testcase name="testAdd" classname="com.ijkalra.stackmachine.service.StackMachineServiceTest" time="0.004"/>
  <testcase name="testInversion" classname="com.ijkalra.stackmachine.service.StackMachineServiceTest" time="0.004"/>
  <testcase name="testThrowsException_MultiplyWithLessThan2Elements" classname="com.ijkalra.stackmachine.service.StackMachineServiceTest" time="0.005"/>
  <testcase name="testUndoAfterAdd" classname="com.ijkalra.stackmachine.service.StackMachineServiceTest" time="0.006"/>
  <testcase name="testUndoAfterMulutiply" classname="com.ijkalra.stackmachine.service.StackMachineServiceTest" time="0.002"/>
  <testcase name="testThrowsException_PrintEmptyStack" classname="com.ijkalra.stackmachine.service.StackMachineServiceTest" time="0.001"/>
  <testcase name="testThrowsException_InvertOnEmptyStack" classname="com.ijkalra.stackmachine.service.StackMachineServiceTest" time="0.002"/>
  <testcase name="testMulutiply" classname="com.ijkalra.stackmachine.service.StackMachineServiceTest" time="0.004"/>
  <testcase name="testElementIsPopped" classname="com.ijkalra.stackmachine.service.StackMachineServiceTest" time="0.004"/>
  <testcase name="testElementIsPushed" classname="com.ijkalra.stackmachine.service.StackMachineServiceTest" time="0.005"/>
  <testcase name="testThrowsException_NegateOnEmptyStack" classname="com.ijkalra.stackmachine.service.StackMachineServiceTest" time="0.002"/>
  <testcase name="testUndoAfterNegation" classname="com.ijkalra.stackmachine.service.StackMachineServiceTest" time="0.013"/>
  <testcase name="testThrowsException_PopOnEmptyStack" classname="com.ijkalra.stackmachine.service.StackMachineServiceTest" time="0.002"/>
  <testcase name="testUndoOperationAfterPop" classname="com.ijkalra.stackmachine.service.StackMachineServiceTest" time="0.001"/>
  <testcase name="testStackIsCleared" classname="com.ijkalra.stackmachine.service.StackMachineServiceTest" time="0.003"/>
  <testcase name="testNegation" classname="com.ijkalra.stackmachine.service.StackMachineServiceTest" time="0.005"/>
  <testcase name="testThrowsException_AddWithLessThan2Elements" classname="com.ijkalra.stackmachine.service.StackMachineServiceTest" time="0.009"/>
</testsuite>